[INFO] [launch]: All log files can be found below /root/.ros/log/2026-06-14-08-44-35-024376-DESKTOP-T4E25U4-36
[INFO] [launch]: Default logging verbosity is set to INFO
[INFO] [imu_simulator.py-1]: process started with pid [37]
[INFO] [map_publisher_node-2]: process started with pid [39]
[INFO] [kf_elias_node-3]: process started with pid [41]
[INFO] [ekf_elias_node-4]: process started with pid [43]
[INFO] [pf_elias_node-5]: process started with pid [45]
[map_publisher_node-2] [INFO] [1781426675.120535837] [map_publisher]: map_publisher: /map 112x103 @ 0.050 m/px
[ekf_elias_node-4] terminate called after throwing an instance of 'rclcpp::exceptions::InvalidParameterTypeException'
[ekf_elias_node-4]   what():  parameter 'measurement_delay_ms' has invalid type: Wrong parameter type, parameter {measurement_delay_ms} is of type {double}, setting it to {integer} is not allowed.
[kf_elias_node-3] terminate called after throwing an instance of 'rclcpp::exceptions::InvalidParameterTypeException'
[kf_elias_node-3]   what():  parameter 'measurement_delay_ms' has invalid type: Wrong parameter type, parameter {measurement_delay_ms} is of type {double}, setting it to {integer} is not allowed.
[pf_elias_node-5] terminate called after throwing an instance of 'rclcpp::exceptions::InvalidParameterTypeException'
[pf_elias_node-5]   what():  parameter 'measurement_delay_ms' has invalid type: Wrong parameter type, parameter {measurement_delay_ms} is of type {double}, setting it to {integer} is not allowed.
[imu_simulator.py-1] [0m[INFO] [1781426675.496135040] [imu_simulator]: Waypoint path built: 321 samples, length 6.26 m[0m
[imu_simulator.py-1] [0m[INFO] [1781426675.517250692] [imu_simulator]: Map loaded: 112×103 @ 0.05m/px  (706 occupied cells)[0m
[imu_simulator.py-1] [0m[INFO] [1781426675.517747485] [imu_simulator]: IMU simulator started: trajectory=waypoints  duration=0.0s  rate=50Hz  v=0.40m/s  ω=0.50rad/s[0m
[ERROR] [ekf_elias_node-4]: process has died [pid 43, exit code -6, cmd '/ros2_ws/install/prol_filters/lib/prol_filters/ekf_elias_node --ros-args -r __node:=ekf_elias_node --params-file /tmp/launch_params_8ovt8sgs'].
[ERROR] [kf_elias_node-3]: process has died [pid 41, exit code -6, cmd '/ros2_ws/install/prol_filters/lib/prol_filters/kf_elias_node --ros-args -r __node:=kf_elias_node --params-file /tmp/launch_params_z6w3eo1f'].
[ERROR] [pf_elias_node-5]: process has died [pid 45, exit code -6, cmd '/ros2_ws/install/prol_filters/lib/prol_filters/pf_elias_node --ros-args -r __node:=pf_elias_node --params-file /tmp/launch_params_u5rzttng --params-file /tmp/launch_params_tey6ez3q'].
[imu_simulator.py-1] [0m[INFO] [1781426691.198473637] [imu_simulator]: Waypoint path complete — shutting down.[0m
[INFO] [imu_simulator.py-1]: process has finished cleanly [pid 37]
